🚀 Avvio scanner_new (Pure CRT Model #1)...
Totale Ticker unici: 526
Filtro Market Cap in corso... (Minimo 10B)
Ticker rimanenti post M-Cap: 493
🌊 Pre-fetching dati Daily (2mo) in bulk per 493 ticker (Calcolo HTF Pools e ADR)...
✅ HTF Pools e ADR calcolati per 493 ticker.
=== Download Bulk 1H ===
🎯 TROVATO PURE CRT BULLISH_TBS su BF-B | Entry: 23.07 | SL: 22.88 | TP: 23.77 | R/R: 3.6
🎯 TROVATO PURE CRT BULLISH_TBS su WMT | Entry: 119.4 | SL: 118.97 | TP: 122.75 | R/R: 7.7
🎯 TROVATO PURE CRT BULLISH_TBS su MCD | Entry: 309.86 | SL: 308.27 | TP: 316.73 | R/R: 4.3
🎯 TROVATO PURE CRT BULLISH_TBS su BEN | Entry: 23.69 | SL: 23.51 | TP: 24.61 | R/R: 5.1
🎯 TROVATO PURE CRT BULLISH_TBS su CSX | Entry: 38.42 | SL: 38.27 | TP: 39.26 | R/R: 5.9
✅ Scansione Pure CRT Model #1 Completata!
🚀 Avvio scanner_new (Pure CRT Model #1)...
Totale Ticker unici: 526
Filtro Market Cap in corso... (Minimo 10B)
Ticker rimanenti post M-Cap: 493
🌊 Pre-fetching dati Daily (2mo) in bulk per 493 ticker (Calcolo HTF Pools e ADR)...
✅ HTF Pools e ADR calcolati per 493 ticker.
=== Download Bulk 1H ===
🎯 TROVATO PURE CRT BULLISH_TBS su BF-B | Entry: 23.07 | SL: 22.88 | TP: 23.77 | R/R: 3.6
🎯 TROVATO PURE CRT BULLISH_TBS su CSX | Entry: 38.42 | SL: 38.27 | TP: 39.26 | R/R: 5.9
🎯 TROVATO PURE CRT BULLISH_TBS su J | Entry: 128.03 | SL: 127.37 | TP: 131.5 | R/R: 5.3
🎯 TROVATO PURE CRT BULLISH_TBS su HWM | Entry: 231.18 | SL: 230.22 | TP: 239.3 | R/R: 8.5
🎯 TROVATO PURE CRT BULLISH_TBS su MCD | Entry: 309.86 | SL: 308.27 | TP: 316.73 | R/R: 4.3
🎯 TROVATO PURE CRT BULLISH_TBS su FICO | Entry: 1112.0 | SL: 1103.89 | TP: 1193.0 | R/R: 10.0
🎯 TROVATO PURE CRT BULLISH_TBS su UHS | Entry: 187.1 | SL: 186.1 | TP: 195.7 | R/R: 8.7
🎯 TROVATO PURE CRT BULLISH_TBS su WMT | Entry: 119.4 | SL: 118.97 | TP: 122.75 | R/R: 7.7
🎯 TROVATO PURE CRT BULLISH_TBS su CRM | Entry: 194.36 | SL: 192.87 | TP: 200.4 | R/R: 4.1
🎯 TROVATO PURE CRT BEARISH_TBS su WMB | Entry: 73.69 | SL: 74.08 | TP: 72.32 | R/R: 3.5
✅ Scansione Pure CRT Model #1 Completata!
🚀 Avvio scanner_new (Pure CRT Model #1)...
Totale Ticker unici: 526
Filtro Market Cap in corso... (Minimo 10B)
Ticker rimanenti post M-Cap: 493
🌊 Pre-fetching dati Daily (3mo) in bulk per 493 ticker (Calcolo HTF Pools e ADR)...
✅ HTF Pools e ADR calcolati per 493 ticker.
=== Download Bulk 1H ===
✅ Scansione Pure CRT Model #1 Completata!
🚀 Avvio scanner_new (Pure CRT Model #1)...
Totale Ticker unici: 526
Filtro Market Cap in corso... (Minimo 10B)
Ticker rimanenti post M-Cap: 493
🌊 Pre-fetching dati Daily (3mo) in bulk per 493 ticker (Calcolo HTF Pools e ADR)...
✅ HTF Pools e ADR calcolati per 493 ticker.
=== Download Bulk 1H ===
✅ Scansione Pure CRT Model #1 Completata!
🚀 Avvio scanner_new (Pure CRT Model #1)...
Totale Ticker unici: 526
Filtro Market Cap in corso... (Minimo 10B)
Ticker rimanenti post M-Cap: 498
Caricati 20 segnali attivi per monitoraggio.
🌊 Pre-fetching dati Daily (3mo) in bulk per 498 ticker (Calcolo HTF Pools e ADR)...
✅ HTF Pools e ADR calcolati per 497 ticker.
=== Download Bulk 1H ===
✅ Segnale CONCLUSO per EME: LOSS (STOPPED)
✅ Segnale CONCLUSO per ALB: LOSS (STOPPED)
✅ Segnale CONCLUSO per MPWR: LOSS (STOPPED)
✅ Segnale CONCLUSO per HAL: LOSS (STOPPED)
✅ Scansione Pure CRT Model #1 Completata!
🚀 Avvio scanner_new (Pure CRT Model #1)...
Totale Ticker unici: 526
Filtro Market Cap in corso...
Ticker post M-Cap: 498
Caricati 16 segnali attivi.
🌊 Pre-fetching dati Daily (3mo) in bulk per 498 ticker...
✅ HTF Pools e ADR calcolati per 498 ticker.
=== Scansione 1H ===
✅ Completato!
🚀 Avvio scanner_new (Pure CRT Model #1)...
Totale Ticker unici: 526
Filtro Market Cap in corso...
Ticker post M-Cap: 498
Caricati 53 segnali attivi.
🌊 Pre-fetching dati Daily (3mo) in bulk per 498 ticker...
✅ HTF Pools e ADR calcolati per 498 ticker.
=== Scansione 1H ===
✅ Completato!
🚀 Avvio scanner_new (Pure CRT Model #1)...
Totale Ticker unici: 526
Filtro Market Cap in corso...
Ticker post M-Cap: 498
Caricati 53 segnali attivi.
🌊 Analisi HTF Walls (D/W/M) per 498 ticker...
✅ HTF Walls e ADR calcolati per 498 ticker.
=== Scansione 1H ===
✅ Completato!
